# JRE version: Java(TM) SE Runtime Environment (17.0.12+8) (build 17.0.12+8-LTS-286)
# Java VM: Java HotSpot(TM) 64-Bit Server VM (17.0.12+8-LTS-286, mixed mode, sharing, tiered, compressed oops, compressed class ptrs, g1 gc, windows-amd64)
GC Precious Log:
 CPUs: 2 total, 2 available
 Memory: 4014M
 Large Page Support: Disabled
 NUMA Support: Disabled
 Compressed Oops: Enabled (32-bit)
 Heap Region Size: 1M
 Heap Min Capacity: 8M
 Heap Initial Capacity: 64M
 Heap Max Capacity: 1004M
 Pre-touch: Disabled
 Parallel Workers: 2
 Concurrent Workers: 1
 Concurrent Refinement Workers: 2
 Periodic GC: Disabled
Heap:
 garbage-first heap   total 65536K, used 30051K [0x00000000c1400000, 0x0000000100000000)
  region size 1024K, 25 young (25600K), 2 survivors (2048K)
 Metaspace       used 13165K, committed 13504K, reserved 1114112K
  class space    used 1639K, committed 1792K, reserved 1048576K
GC Heap History (8 events):
Event: 3.859 GC heap before
{Heap before GC invocations=0 (full 0):
 garbage-first heap   total 65536K, used 7168K [0x00000000c1400000, 0x0000000100000000)
  region size 1024K, 6 young (6144K), 0 survivors (0K)
 Metaspace       used 776K, committed 896K, reserved 1114112K
  class space    used 62K, committed 128K, reserved 1048576K
}
Event: 3.883 GC heap after
{Heap after GC invocations=1 (full 0):
 garbage-first heap   total 65536K, used 5633K [0x00000000c1400000, 0x0000000100000000)
  region size 1024K, 1 young (1024K), 1 survivors (1024K)
 Metaspace       used 776K, committed 896K, reserved 1114112K
  class space    used 62K, committed 128K, reserved 1048576K
}
Event: 5.144 GC heap before
{Heap before GC invocations=1 (full 0):
 garbage-first heap   total 65536K, used 8705K [0x00000000c1400000, 0x0000000100000000)
  region size 1024K, 4 young (4096K), 1 survivors (1024K)
 Metaspace       used 1946K, committed 2112K, reserved 1114112K
  class space    used 181K, committed 256K, reserved 1048576K
}
Event: 5.148 GC heap after
{Heap after GC invocations=2 (full 0):
 garbage-first heap   total 65536K, used 6736K [0x00000000c1400000, 0x0000000100000000)
  region size 1024K, 1 young (1024K), 1 survivors (1024K)
 Metaspace       used 1946K, committed 2112K, reserved 1114112K
  class space    used 181K, committed 256K, reserved 1048576K
}
Event: 6.237 GC heap before
{Heap before GC invocations=2 (full 0):
 garbage-first heap   total 65536K, used 13904K [0x00000000c1400000, 0x0000000100000000)
  region size 1024K, 8 young (8192K), 1 survivors (1024K)
 Metaspace       used 4273K, committed 4416K, reserved 1114112K
  class space    used 496K, committed 576K, reserved 1048576K
}
Event: 6.242 GC heap after
{Heap after GC invocations=3 (full 0):
 garbage-first heap   total 65536K, used 7527K [0x00000000c1400000, 0x0000000100000000)
  region size 1024K, 1 young (1024K), 1 survivors (1024K)
 Metaspace       used 4273K, committed 4416K, reserved 1114112K
  class space    used 496K, committed 576K, reserved 1048576K
}
Event: 8.854 GC heap before
{Heap before GC invocations=3 (full 0):
 garbage-first heap   total 65536K, used 22887K [0x00000000c1400000, 0x0000000100000000)
  region size 1024K, 17 young (17408K), 1 survivors (1024K)
 Metaspace       used 7838K, committed 8064K, reserved 1114112K
  class space    used 981K, committed 1088K, reserved 1048576K
}
Event: 8.865 GC heap after
{Heap after GC invocations=4 (full 0):
 garbage-first heap   total 65536K, used 8547K [0x00000000c1400000, 0x0000000100000000)
  region size 1024K, 2 young (2048K), 2 survivors (2048K)
 Metaspace       used 7838K, committed 8064K, reserved 1114112K
  class space    used 981K, committed 1088K, reserved 1048576K
}

